    2021-11-10T19:18:30+01:00 Autos page started for user : csev@umich.edu
2021-11-10T19:22:24+01:00 Autos page started for user : csev@umich.edu
2021-11-10T19:22:38+01:00 Autos page started for user : csev@umich.edu
2021-11-10T19:23:47+01:00 Autos page started for user : csev@umich.edu
2021-11-10T19:24:09+01:00 Autos page started for user : csev@umich.edu
2021-11-10T19:37:27+01:00 Autos page started for user : csev@umich.edu
2021-11-10T19:39:46+01:00 Autos page started for user : csev@umich.edu
2021-11-10T19:57:40+01:00 Autos page started for user : csev@umich.edu
2021-11-10T21:28:12+01:00 Autos page started for user : csev@umich.edu
2021-11-10T21:35:52+01:00 Autos page started for user : csev@umich.edu
2021-11-10T21:36:01+01:00 Autos page started for user : csev@umich.edu
2021-11-10T21:36:11+01:00 Autos page started for user : csev@umich.edu
2021-11-10T21:39:30+01:00 Autos page started for user : csev@umich.edu
2021-11-10T21:40:06+01:00 Autos page started for user : csev@umich.edu
2021-11-10T21:53:31+01:00 Autos page started for user : csev@umich.edu
2021-11-10T21:53:42+01:00 Autos page started for user : csev@umich.edu
2021-11-10T21:54:50+01:00 Autos page started for user : csev@umich.edu
2021-11-10T21:56:15+01:00 Autos page started for user : csev@umich.edu
2021-11-10T21:57:21+01:00 Autos page started for user : csev@umich.edu
2021-11-10T21:58:02+01:00 Autos page started for user : csev@umich.edu
2021-11-10T21:58:16+01:00 Autos page started for user : csev@umich.edu
2021-11-10T21:58:26+01:00 Autos page started for user : csev@umich.edu
2021-11-10T22:00:26+01:00 Autos page started for user : csev@umich.edu
2021-11-10T22:01:19+01:00 Autos page started for user : csev@umich.edu
2021-11-10T22:02:00+01:00 Autos page started for user : csev@umich.edu
2021-11-10T22:02:19+01:00 Autos page started for user : csev@umich.edu
2021-11-10T22:02:27+01:00 Autos page started for user : csev@umich.edu
2021-11-11T08:36:32+01:00 Autos page started for user : umsi@umich.edu
2021-11-11T08:36:33+01:00 Autos page started for user : umsi@umich.edu
2021-11-11T08:36:33+01:00 Autos page started for user : umsi@umich.edu
2021-11-11T08:36:34+01:00 Autos page started for user : umsi@umich.edu
2021-11-11T08:36:35+01:00 Autos page started for user : umsi@umich.edu
2021-11-11T08:36:36+01:00 Autos page started for user : umsi@umich.edu
2021-11-11T08:40:40+01:00 Autos page started for user : umsi@umich.edu
2021-11-11T08:40:41+01:00 Autos page started for user : umsi@umich.edu
2021-11-11T08:40:42+01:00 Autos page started for user : umsi@umich.edu
2021-11-11T08:40:43+01:00 Autos page started for user : umsi@umich.edu
2021-11-11T08:40:44+01:00 Autos page started for user : umsi@umich.edu
2021-11-11T08:40:45+01:00 Autos page started for user : umsi@umich.edu
2021-11-11T08:44:13+01:00 Autos page started for user : umsi@umich.edu
2021-11-11T08:44:13+01:00 Autos page started for user : umsi@umich.edu
2021-11-11T08:44:14+01:00 Autos page started for user : umsi@umich.edu
2021-11-11T08:44:15+01:00 Autos page started for user : umsi@umich.edu
2021-11-11T08:44:15+01:00 Autos page started for user : umsi@umich.edu
2021-11-11T08:44:16+01:00 Autos page started for user : umsi@umich.edu
2021-11-11T08:48:05+01:00 Autos page started for user : umsi@umich.edu
2021-11-11T08:48:05+01:00 Autos page started for user : umsi@umich.edu
2021-11-11T08:48:06+01:00 Autos page started for user : umsi@umich.edu
2021-11-11T08:48:07+01:00 Autos page started for user : umsi@umich.edu
2021-11-11T08:48:07+01:00 Autos page started for user : umsi@umich.edu
2021-11-11T08:48:08+01:00 Autos page started for user : umsi@umich.edu
2021-11-11T09:04:21+01:00 Autos page started for user : umsi@umich.edu
2021-11-11T09:04:21+01:00 Autos page started for user : umsi@umich.edu
2021-11-11T09:04:22+01:00 Autos page started for user : umsi@umich.edu
2021-11-11T09:04:23+01:00 Autos page started for user : umsi@umich.edu
2021-11-11T09:04:23+01:00 Autos page started for user : umsi@umich.edu
2021-11-11T09:04:24+01:00 Autos page started for user : umsi@umich.edu
2021-11-11T09:05:34+01:00 Autos page started for user : umsi@umich.edu
2021-11-11T09:05:35+01:00 Autos page started for user : umsi@umich.edu
2021-11-11T09:05:36+01:00 Autos page started for user : umsi@umich.edu
2021-11-11T09:05:36+01:00 Autos page started for user : umsi@umich.edu
2021-11-11T09:05:37+01:00 Autos page started for user : umsi@umich.edu
2021-11-11T09:05:38+01:00 Autos page started for user : umsi@umich.edu
2021-11-11T09:08:10+01:00 Autos page started for user : umsi@umich.edu
2021-11-11T09:08:11+01:00 Autos page started for user : umsi@umich.edu
2021-11-11T09:08:11+01:00 Autos page started for user : umsi@umich.edu
2021-11-11T09:08:12+01:00 Autos page started for user : umsi@umich.edu
2021-11-11T09:08:13+01:00 Autos page started for user : umsi@umich.edu
2021-11-11T09:08:13+01:00 Autos page started for user : umsi@umich.edu
2021-11-11T09:12:34+01:00 Autos page started for user : umsi@umich.edu
2021-11-11T09:12:35+01:00 Autos page started for user : umsi@umich.edu
2021-11-11T09:12:35+01:00 Autos page started for user : umsi@umich.edu
2021-11-11T09:12:36+01:00 Autos page started for user : umsi@umich.edu
2021-11-11T09:12:37+01:00 Autos page started for user : umsi@umich.edu
2021-11-11T09:12:37+01:00 Autos page started for user : umsi@umich.edu
2021-11-11T09:13:29+01:00 Autos page started for user : umsi@umich.edu
2021-11-11T09:13:30+01:00 Autos page started for user : umsi@umich.edu
2021-11-11T09:13:30+01:00 Autos page started for user : umsi@umich.edu
2021-11-11T09:13:31+01:00 Autos page started for user : umsi@umich.edu
2021-11-11T09:13:32+01:00 Autos page started for user : umsi@umich.edu
2021-11-11T09:13:32+01:00 Autos page started for user : umsi@umich.edu
2021-11-11T09:15:14+01:00 Autos page started for user : umsi@umich.edu
2021-11-11T09:15:15+01:00 Autos page started for user : umsi@umich.edu
2021-11-11T09:15:15+01:00 Autos page started for user : umsi@umich.edu
2021-11-11T09:15:16+01:00 Autos page started for user : umsi@umich.edu
2021-11-11T09:15:17+01:00 Autos page started for user : umsi@umich.edu
2021-11-11T09:15:17+01:00 Autos page started for user : umsi@umich.edu
2021-11-11T09:20:33+01:00 Autos page started for user : umsi@umich.edu
2021-11-11T09:20:34+01:00 Autos page started for user : umsi@umich.edu
2021-11-11T09:20:35+01:00 Autos page started for user : umsi@umich.edu
2021-11-11T09:20:35+01:00 Autos page started for user : umsi@umich.edu
2021-11-11T09:20:36+01:00 Autos page started for user : umsi@umich.edu
2021-11-11T09:20:37+01:00 Autos page started for user : umsi@umich.edu
2021-11-11T09:21:24+01:00 Autos page started for user : umsi@umich.edu
2021-11-11T09:21:25+01:00 Autos page started for user : umsi@umich.edu
2021-11-11T09:21:25+01:00 Autos page started for user : umsi@umich.edu
2021-11-11T09:21:26+01:00 Autos page started for user : umsi@umich.edu
2021-11-11T09:21:27+01:00 Autos page started for user : umsi@umich.edu
2021-11-11T09:21:27+01:00 Autos page started for user : umsi@umich.edu
2021-11-11T09:23:11+01:00 Autos page started for user : umsi@umich.edu
2021-11-11T09:23:12+01:00 Autos page started for user : umsi@umich.edu
2021-11-11T09:23:13+01:00 Autos page started for user : umsi@umich.edu
2021-11-11T09:23:13+01:00 Autos page started for user : umsi@umich.edu
2021-11-11T09:23:14+01:00 Autos page started for user : umsi@umich.edu
2021-11-11T09:23:15+01:00 Autos page started for user : umsi@umich.edu
2021-11-11T09:25:10+01:00 Autos page started for user : umsi@umich.edu
2021-11-11T09:25:11+01:00 Autos page started for user : umsi@umich.edu
2021-11-11T09:25:12+01:00 Autos page started for user : umsi@umich.edu
2021-11-11T09:25:12+01:00 Autos page started for user : umsi@umich.edu
2021-11-11T09:25:13+01:00 Autos page started for user : umsi@umich.edu
2021-11-11T09:25:14+01:00 Autos page started for user : umsi@umich.edu
2021-11-11T09:26:49+01:00 Autos page started for user : ars@ajkd
2021-11-11T09:26:51+01:00 Autos page started for user : ars@ajkd
2021-11-11T09:27:03+01:00 Autos page started for user : ars@ajkd
2021-11-11T09:28:37+01:00 Autos page started for user : umsi@umich.edu
2021-11-11T09:28:38+01:00 Autos page started for user : umsi@umich.edu
2021-11-11T09:28:39+01:00 Autos page started for user : umsi@umich.edu
2021-11-11T09:28:40+01:00 Autos page started for user : umsi@umich.edu
2021-11-11T09:28:40+01:00 Autos page started for user : umsi@umich.edu
2021-11-11T09:28:41+01:00 Autos page started for user : umsi@umich.edu
2021-11-11T09:30:59+01:00 Autos page started for user : umsi@umich.edu
2021-11-11T09:31:00+01:00 Autos page started for user : umsi@umich.edu
2021-11-11T09:31:00+01:00 Autos page started for user : umsi@umich.edu
2021-11-11T09:31:01+01:00 Autos page started for user : umsi@umich.edu
2021-11-11T09:31:02+01:00 Autos page started for user : umsi@umich.edu
2021-11-11T09:31:02+01:00 Autos page started for user : umsi@umich.edu
2021-11-11T09:47:38+00:00 Autos page started for user : asnd@askdn
2021-11-11T09:48:14+00:00 Autos page started for user : asnd@askdn
2021-11-11T09:50:42+00:00 Autos page started for user : ads@asm
2021-11-16T12:22:46+01:00 Autos page started for user : 
2021-11-16T12:43:42+01:00 Autos page started for user : arsh@fasl
2021-11-16T12:56:17+01:00 Autos page started for user : arsh@fasl
2021-11-16T12:56:19+01:00 Autos page started for user : arsh@fasl
2021-11-16T13:47:43+01:00 Autos page started for user : arsh@fasl
2021-11-16T13:48:44+01:00 Autos page started for user : arsh@fasl
2021-11-16T13:56:52+01:00 Autos page started for user : arsh@fasl
2021-11-16T14:19:01+01:00 Autos page started for user : umsi@umich.edu
2021-11-16T14:29:45+01:00 Autos page started for user : arsh@fakj
2021-11-16T14:29:47+01:00 Autos page started for user : arsh@fakj
2021-11-16T14:30:45+01:00 Autos page started for user : umsi@umich.edu
2021-11-16T14:30:45+01:00 Autos page started for user : umsi@umich.edu
2021-11-16T14:30:48+01:00 Autos page started for user : umsi@umich.edu
2021-11-16T14:30:49+01:00 Autos page started for user : umsi@umich.edu
2021-11-16T14:30:50+01:00 Autos page started for user : umsi@umich.edu
2021-11-16T14:32:02+01:00 Autos page started for user : umsi@umich.edu
2021-11-16T14:32:03+01:00 Autos page started for user : umsi@umich.edu
2021-11-16T14:32:04+01:00 Autos page started for user : umsi@umich.edu
2021-11-16T14:32:04+01:00 Autos page started for user : umsi@umich.edu
2021-11-16T14:32:05+01:00 Autos page started for user : umsi@umich.edu
2021-11-16T14:36:57+01:00 Autos page started for user : umsi@umich.edu
2021-11-16T14:36:58+01:00 Autos page started for user : umsi@umich.edu
2021-11-16T14:36:59+01:00 Autos page started for user : umsi@umich.edu
2021-11-16T14:36:59+01:00 Autos page started for user : umsi@umich.edu
2021-11-16T14:37:00+01:00 Autos page started for user : umsi@umich.edu
2021-11-16T14:56:35+01:00 Autos page started for user : umsi@umich.edu
2021-11-16T14:56:36+01:00 Autos page started for user : umsi@umich.edu
2021-11-16T14:56:39+01:00 Autos page started for user : umsi@umich.edu
2021-11-16T14:56:41+01:00 Autos page started for user : umsi@umich.edu
2021-11-16T14:56:44+01:00 Autos page started for user : umsi@umich.edu
2021-11-16T14:59:57+01:00 Autos page started for user : umsi@umich.edu
2021-11-16T14:59:57+01:00 Autos page started for user : umsi@umich.edu
2021-11-16T14:59:58+01:00 Autos page started for user : umsi@umich.edu
2021-11-16T14:59:58+01:00 Autos page started for user : umsi@umich.edu
2021-11-16T14:59:59+01:00 Autos page started for user : umsi@umich.edu
2021-11-16T15:18:18+01:00 Autos page started for user : umsi@umich.edu
2021-11-16T15:18:19+01:00 Autos page started for user : umsi@umich.edu
2021-11-16T15:18:20+01:00 Autos page started for user : umsi@umich.edu
2021-11-16T15:18:21+01:00 Autos page started for user : umsi@umich.edu
2021-11-16T15:18:23+01:00 Autos page started for user : umsi@umich.edu
2021-11-16T15:20:41+01:00 Autos page started for user : umsi@umich.edu
2021-11-16T15:20:41+01:00 Autos page started for user : umsi@umich.edu
2021-11-16T15:20:42+01:00 Autos page started for user : umsi@umich.edu
2021-11-16T15:20:42+01:00 Autos page started for user : umsi@umich.edu
2021-11-16T15:20:43+01:00 Autos page started for user : umsi@umich.edu
2021-11-16T15:21:07+01:00 Autos page started for user : umsi@umich.edu
2021-11-16T15:21:07+01:00 Autos page started for user : umsi@umich.edu
2021-11-16T15:21:08+01:00 Autos page started for user : umsi@umich.edu
2021-11-16T15:21:09+01:00 Autos page started for user : umsi@umich.edu
2021-11-16T15:21:09+01:00 Autos page started for user : umsi@umich.edu
2021-11-16T15:25:42+01:00 Autos page started for user : umsi@umich.edu
2021-11-16T15:25:43+01:00 Autos page started for user : umsi@umich.edu
2021-11-16T15:25:44+01:00 Autos page started for user : umsi@umich.edu
2021-11-16T15:25:45+01:00 Autos page started for user : umsi@umich.edu
2021-11-16T15:25:46+01:00 Autos page started for user : umsi@umich.edu
2021-11-16T15:27:17+01:00 Autos page started for user : umsi@umich.edu
2021-11-16T15:27:17+01:00 Autos page started for user : umsi@umich.edu
2021-11-16T15:27:18+01:00 Autos page started for user : umsi@umich.edu
2021-11-16T15:27:19+01:00 Autos page started for user : umsi@umich.edu
2021-11-16T15:27:20+01:00 Autos page started for user : umsi@umich.edu
2021-11-16T15:28:54+01:00 Autos page started for user : umsi@umich.edu
2021-11-16T15:28:55+01:00 Autos page started for user : umsi@umich.edu
2021-11-16T15:28:55+01:00 Autos page started for user : umsi@umich.edu
2021-11-16T15:28:56+01:00 Autos page started for user : umsi@umich.edu
2021-11-16T15:28:57+01:00 Autos page started for user : umsi@umich.edu
2021-11-16T15:28:57+01:00 Autos page started for user : umsi@umich.edu
2021-11-16T15:28:58+01:00 Autos page started for user : umsi@umich.edu
2021-11-18T10:24:52+01:00 Autos page started for user : umsi@umich.edu
2021-11-18T10:24:53+01:00 Autos page started for user : umsi@umich.edu
2021-11-18T10:24:53+01:00 Autos page started for user : umsi@umich.edu
2021-11-18T10:24:54+01:00 Autos page started for user : umsi@umich.edu
2021-11-18T10:26:12+01:00 Autos page started for user : umsi@umich.edu
2021-11-18T10:26:12+01:00 Autos page started for user : umsi@umich.edu
2021-11-18T10:26:13+01:00 Autos page started for user : umsi@umich.edu
2021-11-18T10:26:14+01:00 Autos page started for user : umsi@umich.edu
2021-11-18T10:26:15+01:00 Autos page started for user : umsi@umich.edu
2021-11-18T10:34:31+01:00 Autos page started for user : arsh@arsh
2021-11-18T10:35:56+01:00 Autos page started for user : arsh@arsh
2021-11-18T10:36:25+01:00 Autos page started for user : arsh@arsh
2021-11-18T10:36:29+01:00 Autos page started for user : arsh@arsh
2021-11-18T10:36:51+01:00 Autos page started for user : arsh@arsh
2021-11-18T10:37:02+01:00 Autos page started for user : arsh@arsh
2021-11-18T10:37:11+01:00 Autos page started for user : arsh@arsh
2021-11-18T10:37:18+01:00 Autos page started for user : umsi@umich.edu
2021-11-18T10:37:18+01:00 Autos page started for user : umsi@umich.edu
2021-11-18T10:37:19+01:00 Autos page started for user : umsi@umich.edu
2021-11-18T10:37:20+01:00 Autos page started for user : umsi@umich.edu
2021-11-18T10:37:21+01:00 Autos page started for user : umsi@umich.edu
2021-11-18T10:37:38+01:00 Autos page started for user : arsh@arsh
2021-11-18T10:40:42+01:00 Autos page started for user : arsh@arsh
2021-11-18T10:42:10+01:00 Autos page started for user : arsh@arsh
2021-11-18T10:42:13+01:00 Autos page started for user : arsh@arsh
2021-11-18T10:49:07+01:00 Autos page started for user : arsh@arsh
2021-11-18T10:51:34+01:00 Autos page started for user : arsh@arsh
2021-11-18T10:55:36+01:00 Autos page started for user : arsh@arsh
2021-11-18T10:55:46+01:00 Autos page started for user : arsh@arsh
2021-11-18T10:58:17+01:00 Autos page started for user : arsh@arsh
2021-11-18T10:58:24+01:00 Autos page started for user : arsh@arsh
2021-11-18T10:58:54+01:00 Autos page started for user : arsh@arsh
2021-11-18T10:59:00+01:00 Autos page started for user : arsh@arsh
2021-11-18T11:00:09+01:00 Autos page started for user : arsh@arsh
2021-11-18T11:00:36+01:00 Autos page started for user : arsh@arsh
2021-11-18T11:00:42+01:00 Autos page started for user : arsh@arsh
2021-11-18T11:00:58+01:00 Autos page started for user : arsh@arsh
2021-11-18T11:07:24+01:00 Autos page started for user : arsh@arsh
2021-11-18T11:12:15+01:00 Autos page started for user : arsh@arsh
2021-11-18T11:12:19+01:00 Autos page started for user : arsh@arsh
2021-11-18T11:14:18+01:00 Autos page started for user : arsh@arsh
2021-11-18T11:16:52+01:00 Autos page started for user : arsh@arsh
2021-11-18T11:17:58+01:00 Autos page started for user : arsh@arsh
2021-11-18T11:18:16+01:00 Autos page started for user : arsh@arsh
2021-11-18T11:22:57+01:00 Autos page started for user : arsh@arsh
2021-11-18T11:24:57+01:00 Autos page started for user : arsh@arsh
2021-11-18T11:25:09+01:00 Autos page started for user : arsh@arsh
2021-11-18T11:25:18+01:00 Autos page started for user : arsh@arsh
2021-11-18T11:25:24+01:00 Autos page started for user : arsh@arsh
2021-11-18T11:25:49+01:00 Autos page started for user : arsh@arsh
2021-11-18T11:26:55+01:00 Autos page started for user : arsh@arsh
2021-11-18T11:27:19+01:00 Autos page started for user : arsh@arsh
2021-11-18T18:13:27+01:00 Autos page started for user : arsh@arsh
2021-11-18T18:13:43+01:00 Autos page started for user : arsh@arsh
2021-11-18T18:14:03+01:00 Autos page started for user : arsh@arsh
2021-11-18T18:14:18+01:00 Autos page started for user : arsh@arsh
2021-11-18T18:14:30+01:00 Autos page started for user : arsh@arsh
2021-11-18T18:14:33+01:00 Autos page started for user : arsh@arsh
2021-11-18T18:14:50+01:00 Autos page started for user : arsh@arsh
2021-11-18T18:20:27+01:00 Autos page started for user : umsi@umich.edu
2021-11-18T18:20:27+01:00 Autos page started for user : umsi@umich.edu
2021-11-18T18:20:28+01:00 Autos page started for user : umsi@umich.edu
2021-11-18T18:20:29+01:00 Autos page started for user : umsi@umich.edu
2021-11-18T18:20:30+01:00 Autos page started for user : umsi@umich.edu
2021-11-18T18:20:32+01:00 Autos page started for user : umsi@umich.edu
2021-11-18T18:20:33+01:00 Autos page started for user : umsi@umich.edu
2021-11-18T18:20:35+01:00 Autos page started for user : umsi@umich.edu
2021-11-18T18:20:37+01:00 Autos page started for user : umsi@umich.edu
2021-11-18T18:20:38+01:00 Autos page started for user : umsi@umich.edu
2021-11-18T18:20:40+01:00 Autos page started for user : umsi@umich.edu
