2021-11-09T07:49:59+00:00 Login Fail: Incorrect Password for email asdb and hash value - a560ef471299b183542ca661fab3120b 
2021-11-10T18:31:20+01:00 Login Fail: Email and password are required 
2021-11-10T18:31:30+01:00 Login Fail: Email must have an at-sign (@) 
2021-11-10T18:36:35+01:00 Login Fail: Email must have an at-sign (@) 
2021-11-10T18:36:55+01:00 Login Fail: Login Incorrect as details not in database 
2021-11-10T18:37:23+01:00 Login Fail: Incorrect Password for email csev@umich.edu and hash value - ba71f8e7f3b18d6bcd642a90e641b85a 
2021-11-10T19:09:42+01:00 Login Fail: Incorrect Password for email csev@umich.edu and hash value - eddf02d53d5f31906019589a656104ff 
2021-11-11T07:56:21+01:00 Login Fail: Incorrect Password for email umsi@umich.edu and hash value - 2b4aa20651b644bb9540787ec426d118 
2021-11-11T07:56:26+01:00 Login Fail: Incorrect Password for email umsi@umich.edu and hash value - eddf02d53d5f31906019589a656104ff 
2021-11-11T08:03:53+01:00 Login Fail: Incorrect Password for email umsi@umich.edu and hash value - 2b4aa20651b644bb9540787ec426d118 
2021-11-11T08:03:54+01:00 Login Fail: Incorrect Password for email umsi@umich.edu and hash value - eddf02d53d5f31906019589a656104ff 
2021-11-11T08:12:54+01:00 Login Fail: Incorrect Password for email umsi@umich.edu and hash value - da6523a488577c99148969e5841908ae 
2021-11-11T08:12:54+01:00 Login Fail: Login Incorrect as details not in database 
2021-11-11T08:19:32+01:00 Login Fail: Incorrect Password for email umsi@umich.edu and hash value - da6523a488577c99148969e5841908ae 
2021-11-11T08:19:32+01:00 Login Fail: Login Incorrect as details not in database 
2021-11-11T08:20:19+01:00 Login Fail: Incorrect Password for email umsi@umich.edu and hash value - da6523a488577c99148969e5841908ae 
2021-11-11T08:20:19+01:00 Login Fail: Login Incorrect as details not in database 
2021-11-11T08:20:40+01:00 Login Fail: Incorrect Password for email umsi@umich.edu and hash value - da6523a488577c99148969e5841908ae 
2021-11-11T08:20:40+01:00 Login Fail: Login Incorrect as details not in database 
2021-11-11T08:21:41+01:00 Login Fail: Incorrect Password for email umsi@umich.edu and hash value - da6523a488577c99148969e5841908ae 
2021-11-11T08:22:47+01:00 Login Fail: Incorrect Password for email umsi@umich.edu and hash value - da6523a488577c99148969e5841908ae 
2021-11-11T08:22:48+01:00 Login Fail: Login Incorrect as details not in database 
2021-11-11T08:24:09+01:00 Login Fail: Incorrect Password for email umsi@umich.edu and hash value - da6523a488577c99148969e5841908ae 
2021-11-11T08:24:10+01:00 Login Fail: Login Incorrect as details not in database 
2021-11-11T08:25:29+01:00 Login Fail: Incorrect Password for email umsi@umich.edu and hash value - da6523a488577c99148969e5841908ae 
2021-11-11T08:25:29+01:00 Login Fail: Login Incorrect as details not in database 
2021-11-11T08:28:34+01:00 Login Fail: Incorrect Password for email umsi@umich.edu and hash value - da6523a488577c99148969e5841908ae 
2021-11-11T08:28:34+01:00 Login Fail: Login Incorrect as details not in database 
2021-11-11T08:29:47+01:00 Login Fail: Incorrect Password for email umsi@umich.edu and hash value - da6523a488577c99148969e5841908ae 
2021-11-11T08:29:48+01:00 Login Fail: Login Incorrect as details not in database 
2021-11-11T08:31:19+01:00 Login Fail: Incorrect Password for email umsi@umich.edu and hash value - da6523a488577c99148969e5841908ae 
2021-11-11T08:33:27+01:00 Login Fail: Incorrect Password for email umsi@umich.edu and hash value - da6523a488577c99148969e5841908ae 
2021-11-11T08:36:31+01:00 Login Fail: Incorrect Password for email umsi@umich.edu and hash value - da6523a488577c99148969e5841908ae 
2021-11-11T08:40:40+01:00 Login Fail: Incorrect Password for email umsi@umich.edu and hash value - da6523a488577c99148969e5841908ae 
2021-11-11T08:44:12+01:00 Login Fail: Incorrect Password for email umsi@umich.edu and hash value - da6523a488577c99148969e5841908ae 
2021-11-11T08:48:04+01:00 Login Fail: Incorrect Password for email umsi@umich.edu and hash value - da6523a488577c99148969e5841908ae 
2021-11-11T09:04:20+01:00 Login Fail: Incorrect Password for email umsi@umich.edu and hash value - da6523a488577c99148969e5841908ae 
2021-11-11T09:05:33+01:00 Login Fail: Incorrect Password for email umsi@umich.edu and hash value - da6523a488577c99148969e5841908ae 
2021-11-11T09:08:09+01:00 Login Fail: Incorrect Password for email umsi@umich.edu and hash value - da6523a488577c99148969e5841908ae 
2021-11-11T09:12:33+01:00 Login Fail: Incorrect Password for email umsi@umich.edu and hash value - da6523a488577c99148969e5841908ae 
2021-11-11T09:13:28+01:00 Login Fail: Incorrect Password for email umsi@umich.edu and hash value - da6523a488577c99148969e5841908ae 
2021-11-11T09:15:13+01:00 Login Fail: Incorrect Password for email umsi@umich.edu and hash value - da6523a488577c99148969e5841908ae 
2021-11-11T09:20:33+01:00 Login Fail: Incorrect Password for email umsi@umich.edu and hash value - da6523a488577c99148969e5841908ae 
2021-11-11T09:21:23+01:00 Login Fail: Incorrect Password for email umsi@umich.edu and hash value - da6523a488577c99148969e5841908ae 
2021-11-11T09:23:11+01:00 Login Fail: Incorrect Password for email umsi@umich.edu and hash value - da6523a488577c99148969e5841908ae 
2021-11-11T09:25:09+01:00 Login Fail: Incorrect Password for email umsi@umich.edu and hash value - da6523a488577c99148969e5841908ae 
2021-11-11T09:28:37+01:00 Login Fail: Incorrect Password for email umsi@umich.edu and hash value - da6523a488577c99148969e5841908ae 
2021-11-11T09:30:58+01:00 Login Fail: Incorrect Password for email umsi@umich.edu and hash value - da6523a488577c99148969e5841908ae 
2021-11-11T09:38:04+00:00 Login Fail: Email and password are required 
2021-11-11T09:40:32+00:00 Login Fail: Email must have an at-sign (@) 
2021-11-11T09:42:04+00:00 Login Fail: Email must have an at-sign (@) 
2021-11-11T09:42:19+00:00 Login Fail: Email must have an at-sign (@) 
2021-11-11T09:42:51+00:00 Login Fail: Email must have an at-sign (@) 
2021-11-11T09:44:43+00:00 Login Fail: Email must have an at-sign (@) 
2021-11-11T09:45:30+00:00 Login Fail: Email must have an at-sign (@) 
2021-11-11T09:46:49+00:00 Login Fail: Email must have an at-sign (@) 
2021-11-11T09:47:04+00:00 Login Fail: Email must have an at-sign (@) 
2021-11-11T09:47:10+00:00 Login Fail: Email must have an at-sign (@) 
2021-11-11T09:59:23+00:00 Login Fail: Incorrect Password for email arsh@arsh and hash value - 7b4bd6ab12fb56326aeca4d006f19a0f 
2021-11-11T10:01:30+00:00 Login Fail: Email must have an at-sign (@) 
2021-11-11T10:01:37+00:00 Login Fail: Email must have an at-sign (@) 
2021-11-11T10:01:43+00:00 Login Fail: Incorrect Password for email as@ and hash value - f970e2767d0cfe75876ea857f92e319b 
2021-11-11T10:02:41+00:00 Login Fail: Incorrect Password for email ars@ and hash value - 8277e0910d750195b448797616e091ad 
2021-11-11T10:03:51+00:00 Login Fail: Incorrect Password for email ar@ and hash value - f970e2767d0cfe75876ea857f92e319b 
2021-11-11T10:04:32+00:00 Login Fail: Incorrect Password for email arsh@ and hash value - 0f87d306b7f3889bddc4122186b35969 
2021-11-16T12:12:47+01:00 Login Fail: Email must have an at-sign (@) 
2021-11-16T14:18:58+01:00 Login Fail: Incorrect Password for email umsi@umich.edu and hash value - da6523a488577c99148969e5841908ae 
2021-11-16T14:30:38+01:00 Login Fail: Incorrect Password for email umsi@umich.edu and hash value - da6523a488577c99148969e5841908ae 
2021-11-16T14:32:01+01:00 Login Fail: Incorrect Password for email umsi@umich.edu and hash value - da6523a488577c99148969e5841908ae 
2021-11-16T14:36:56+01:00 Login Fail: Incorrect Password for email umsi@umich.edu and hash value - da6523a488577c99148969e5841908ae 
2021-11-16T14:56:30+01:00 Login Fail: Incorrect Password for email umsi@umich.edu and hash value - da6523a488577c99148969e5841908ae 
2021-11-16T14:59:55+01:00 Login Fail: Incorrect Password for email umsi@umich.edu and hash value - da6523a488577c99148969e5841908ae 
2021-11-16T15:16:57+01:00 Login Fail: Incorrect Password for email umsi@umich.edu and hash value - da6523a488577c99148969e5841908ae 
2021-11-16T15:18:17+01:00 Login Fail: Incorrect Password for email umsi@umich.edu and hash value - da6523a488577c99148969e5841908ae 
2021-11-16T15:20:40+01:00 Login Fail: Incorrect Password for email umsi@umich.edu and hash value - da6523a488577c99148969e5841908ae 
2021-11-16T15:21:06+01:00 Login Fail: Incorrect Password for email umsi@umich.edu and hash value - da6523a488577c99148969e5841908ae 
2021-11-16T15:25:41+01:00 Login Fail: Incorrect Password for email umsi@umich.edu and hash value - da6523a488577c99148969e5841908ae 
2021-11-16T15:27:15+01:00 Login Fail: Incorrect Password for email umsi@umich.edu and hash value - da6523a488577c99148969e5841908ae 
2021-11-16T15:28:53+01:00 Login Fail: Incorrect Password for email umsi@umich.edu and hash value - da6523a488577c99148969e5841908ae 
