    2021-11-10T19:18:30+01:00 Autos page started for user : csev@umich.edu
2021-11-10T19:22:24+01:00 Autos page started for user : csev@umich.edu
2021-11-10T19:22:38+01:00 Autos page started for user : csev@umich.edu
2021-11-10T19:23:47+01:00 Autos page started for user : csev@umich.edu
2021-11-10T19:24:09+01:00 Autos page started for user : csev@umich.edu
2021-11-10T19:37:27+01:00 Autos page started for user : csev@umich.edu
2021-11-10T19:39:46+01:00 Autos page started for user : csev@umich.edu
2021-11-10T19:57:40+01:00 Autos page started for user : csev@umich.edu
2021-11-10T21:28:12+01:00 Autos page started for user : csev@umich.edu
2021-11-10T21:35:52+01:00 Autos page started for user : csev@umich.edu
2021-11-10T21:36:01+01:00 Autos page started for user : csev@umich.edu
2021-11-10T21:36:11+01:00 Autos page started for user : csev@umich.edu
2021-11-10T21:39:30+01:00 Autos page started for user : csev@umich.edu
2021-11-10T21:40:06+01:00 Autos page started for user : csev@umich.edu
2021-11-10T21:53:31+01:00 Autos page started for user : csev@umich.edu
2021-11-10T21:53:42+01:00 Autos page started for user : csev@umich.edu
2021-11-10T21:54:50+01:00 Autos page started for user : csev@umich.edu
2021-11-10T21:56:15+01:00 Autos page started for user : csev@umich.edu
2021-11-10T21:57:21+01:00 Autos page started for user : csev@umich.edu
2021-11-10T21:58:02+01:00 Autos page started for user : csev@umich.edu
2021-11-10T21:58:16+01:00 Autos page started for user : csev@umich.edu
2021-11-10T21:58:26+01:00 Autos page started for user : csev@umich.edu
2021-11-10T22:00:26+01:00 Autos page started for user : csev@umich.edu
2021-11-10T22:01:19+01:00 Autos page started for user : csev@umich.edu
2021-11-10T22:02:00+01:00 Autos page started for user : csev@umich.edu
2021-11-10T22:02:19+01:00 Autos page started for user : csev@umich.edu
2021-11-10T22:02:27+01:00 Autos page started for user : csev@umich.edu
2021-11-11T08:36:32+01:00 Autos page started for user : umsi@umich.edu
2021-11-11T08:36:33+01:00 Autos page started for user : umsi@umich.edu
2021-11-11T08:36:33+01:00 Autos page started for user : umsi@umich.edu
2021-11-11T08:36:34+01:00 Autos page started for user : umsi@umich.edu
2021-11-11T08:36:35+01:00 Autos page started for user : umsi@umich.edu
2021-11-11T08:36:36+01:00 Autos page started for user : umsi@umich.edu
2021-11-11T08:40:40+01:00 Autos page started for user : umsi@umich.edu
2021-11-11T08:40:41+01:00 Autos page started for user : umsi@umich.edu
2021-11-11T08:40:42+01:00 Autos page started for user : umsi@umich.edu
2021-11-11T08:40:43+01:00 Autos page started for user : umsi@umich.edu
2021-11-11T08:40:44+01:00 Autos page started for user : umsi@umich.edu
2021-11-11T08:40:45+01:00 Autos page started for user : umsi@umich.edu
2021-11-11T08:44:13+01:00 Autos page started for user : umsi@umich.edu
2021-11-11T08:44:13+01:00 Autos page started for user : umsi@umich.edu
2021-11-11T08:44:14+01:00 Autos page started for user : umsi@umich.edu
2021-11-11T08:44:15+01:00 Autos page started for user : umsi@umich.edu
2021-11-11T08:44:15+01:00 Autos page started for user : umsi@umich.edu
2021-11-11T08:44:16+01:00 Autos page started for user : umsi@umich.edu
2021-11-11T08:48:05+01:00 Autos page started for user : umsi@umich.edu
2021-11-11T08:48:05+01:00 Autos page started for user : umsi@umich.edu
2021-11-11T08:48:06+01:00 Autos page started for user : umsi@umich.edu
2021-11-11T08:48:07+01:00 Autos page started for user : umsi@umich.edu
2021-11-11T08:48:07+01:00 Autos page started for user : umsi@umich.edu
2021-11-11T08:48:08+01:00 Autos page started for user : umsi@umich.edu
2021-11-11T09:04:21+01:00 Autos page started for user : umsi@umich.edu
2021-11-11T09:04:21+01:00 Autos page started for user : umsi@umich.edu
2021-11-11T09:04:22+01:00 Autos page started for user : umsi@umich.edu
2021-11-11T09:04:23+01:00 Autos page started for user : umsi@umich.edu
2021-11-11T09:04:23+01:00 Autos page started for user : umsi@umich.edu
2021-11-11T09:04:24+01:00 Autos page started for user : umsi@umich.edu
2021-11-11T09:05:34+01:00 Autos page started for user : umsi@umich.edu
2021-11-11T09:05:35+01:00 Autos page started for user : umsi@umich.edu
2021-11-11T09:05:36+01:00 Autos page started for user : umsi@umich.edu
2021-11-11T09:05:36+01:00 Autos page started for user : umsi@umich.edu
2021-11-11T09:05:37+01:00 Autos page started for user : umsi@umich.edu
2021-11-11T09:05:38+01:00 Autos page started for user : umsi@umich.edu
2021-11-11T09:08:10+01:00 Autos page started for user : umsi@umich.edu
2021-11-11T09:08:11+01:00 Autos page started for user : umsi@umich.edu
2021-11-11T09:08:11+01:00 Autos page started for user : umsi@umich.edu
2021-11-11T09:08:12+01:00 Autos page started for user : umsi@umich.edu
2021-11-11T09:08:13+01:00 Autos page started for user : umsi@umich.edu
2021-11-11T09:08:13+01:00 Autos page started for user : umsi@umich.edu
2021-11-11T09:12:34+01:00 Autos page started for user : umsi@umich.edu
2021-11-11T09:12:35+01:00 Autos page started for user : umsi@umich.edu
2021-11-11T09:12:35+01:00 Autos page started for user : umsi@umich.edu
2021-11-11T09:12:36+01:00 Autos page started for user : umsi@umich.edu
2021-11-11T09:12:37+01:00 Autos page started for user : umsi@umich.edu
2021-11-11T09:12:37+01:00 Autos page started for user : umsi@umich.edu
2021-11-11T09:13:29+01:00 Autos page started for user : umsi@umich.edu
2021-11-11T09:13:30+01:00 Autos page started for user : umsi@umich.edu
2021-11-11T09:13:30+01:00 Autos page started for user : umsi@umich.edu
2021-11-11T09:13:31+01:00 Autos page started for user : umsi@umich.edu
2021-11-11T09:13:32+01:00 Autos page started for user : umsi@umich.edu
2021-11-11T09:13:32+01:00 Autos page started for user : umsi@umich.edu
2021-11-11T09:15:14+01:00 Autos page started for user : umsi@umich.edu
2021-11-11T09:15:15+01:00 Autos page started for user : umsi@umich.edu
2021-11-11T09:15:15+01:00 Autos page started for user : umsi@umich.edu
2021-11-11T09:15:16+01:00 Autos page started for user : umsi@umich.edu
2021-11-11T09:15:17+01:00 Autos page started for user : umsi@umich.edu
2021-11-11T09:15:17+01:00 Autos page started for user : umsi@umich.edu
2021-11-11T09:20:33+01:00 Autos page started for user : umsi@umich.edu
2021-11-11T09:20:34+01:00 Autos page started for user : umsi@umich.edu
2021-11-11T09:20:35+01:00 Autos page started for user : umsi@umich.edu
2021-11-11T09:20:35+01:00 Autos page started for user : umsi@umich.edu
2021-11-11T09:20:36+01:00 Autos page started for user : umsi@umich.edu
2021-11-11T09:20:37+01:00 Autos page started for user : umsi@umich.edu
2021-11-11T09:21:24+01:00 Autos page started for user : umsi@umich.edu
2021-11-11T09:21:25+01:00 Autos page started for user : umsi@umich.edu
2021-11-11T09:21:25+01:00 Autos page started for user : umsi@umich.edu
2021-11-11T09:21:26+01:00 Autos page started for user : umsi@umich.edu
2021-11-11T09:21:27+01:00 Autos page started for user : umsi@umich.edu
2021-11-11T09:21:27+01:00 Autos page started for user : umsi@umich.edu
2021-11-11T09:23:11+01:00 Autos page started for user : umsi@umich.edu
2021-11-11T09:23:12+01:00 Autos page started for user : umsi@umich.edu
2021-11-11T09:23:13+01:00 Autos page started for user : umsi@umich.edu
2021-11-11T09:23:13+01:00 Autos page started for user : umsi@umich.edu
2021-11-11T09:23:14+01:00 Autos page started for user : umsi@umich.edu
2021-11-11T09:23:15+01:00 Autos page started for user : umsi@umich.edu
2021-11-11T09:25:10+01:00 Autos page started for user : umsi@umich.edu
2021-11-11T09:25:11+01:00 Autos page started for user : umsi@umich.edu
2021-11-11T09:25:12+01:00 Autos page started for user : umsi@umich.edu
2021-11-11T09:25:12+01:00 Autos page started for user : umsi@umich.edu
2021-11-11T09:25:13+01:00 Autos page started for user : umsi@umich.edu
2021-11-11T09:25:14+01:00 Autos page started for user : umsi@umich.edu
2021-11-11T09:26:49+01:00 Autos page started for user : ars@ajkd
2021-11-11T09:26:51+01:00 Autos page started for user : ars@ajkd
2021-11-11T09:27:03+01:00 Autos page started for user : ars@ajkd
2021-11-11T09:28:37+01:00 Autos page started for user : umsi@umich.edu
2021-11-11T09:28:38+01:00 Autos page started for user : umsi@umich.edu
2021-11-11T09:28:39+01:00 Autos page started for user : umsi@umich.edu
2021-11-11T09:28:40+01:00 Autos page started for user : umsi@umich.edu
2021-11-11T09:28:40+01:00 Autos page started for user : umsi@umich.edu
2021-11-11T09:28:41+01:00 Autos page started for user : umsi@umich.edu
2021-11-11T09:30:59+01:00 Autos page started for user : umsi@umich.edu
2021-11-11T09:31:00+01:00 Autos page started for user : umsi@umich.edu
2021-11-11T09:31:00+01:00 Autos page started for user : umsi@umich.edu
2021-11-11T09:31:01+01:00 Autos page started for user : umsi@umich.edu
2021-11-11T09:31:02+01:00 Autos page started for user : umsi@umich.edu
2021-11-11T09:31:02+01:00 Autos page started for user : umsi@umich.edu
2021-11-11T09:47:38+00:00 Autos page started for user : asnd@askdn
2021-11-11T09:48:14+00:00 Autos page started for user : asnd@askdn
2021-11-11T09:50:42+00:00 Autos page started for user : ads@asm
