2021-11-09T07:49:59+00:00 Login Fail: Incorrect Password for email asdb and hash value - a560ef471299b183542ca661fab3120b 
2021-11-10T18:31:20+01:00 Login Fail: Email and password are required 
2021-11-10T18:31:30+01:00 Login Fail: Email must have an at-sign (@) 
2021-11-10T18:36:35+01:00 Login Fail: Email must have an at-sign (@) 
2021-11-10T18:36:55+01:00 Login Fail: Login Incorrect as details not in database 
2021-11-10T18:37:23+01:00 Login Fail: Incorrect Password for email csev@umich.edu and hash value - ba71f8e7f3b18d6bcd642a90e641b85a 
2021-11-10T19:09:42+01:00 Login Fail: Incorrect Password for email csev@umich.edu and hash value - eddf02d53d5f31906019589a656104ff 
2021-11-11T07:56:21+01:00 Login Fail: Incorrect Password for email umsi@umich.edu and hash value - 2b4aa20651b644bb9540787ec426d118 
2021-11-11T07:56:26+01:00 Login Fail: Incorrect Password for email umsi@umich.edu and hash value - eddf02d53d5f31906019589a656104ff 
2021-11-11T08:03:53+01:00 Login Fail: Incorrect Password for email umsi@umich.edu and hash value - 2b4aa20651b644bb9540787ec426d118 
2021-11-11T08:03:54+01:00 Login Fail: Incorrect Password for email umsi@umich.edu and hash value - eddf02d53d5f31906019589a656104ff 
2021-11-11T08:12:54+01:00 Login Fail: Incorrect Password for email umsi@umich.edu and hash value - da6523a488577c99148969e5841908ae 
2021-11-11T08:12:54+01:00 Login Fail: Login Incorrect as details not in database 
2021-11-11T08:19:32+01:00 Login Fail: Incorrect Password for email umsi@umich.edu and hash value - da6523a488577c99148969e5841908ae 
2021-11-11T08:19:32+01:00 Login Fail: Login Incorrect as details not in database 
2021-11-11T08:20:19+01:00 Login Fail: Incorrect Password for email umsi@umich.edu and hash value - da6523a488577c99148969e5841908ae 
2021-11-11T08:20:19+01:00 Login Fail: Login Incorrect as details not in database 
2021-11-11T08:20:40+01:00 Login Fail: Incorrect Password for email umsi@umich.edu and hash value - da6523a488577c99148969e5841908ae 
2021-11-11T08:20:40+01:00 Login Fail: Login Incorrect as details not in database 
2021-11-11T08:21:41+01:00 Login Fail: Incorrect Password for email umsi@umich.edu and hash value - da6523a488577c99148969e5841908ae 
2021-11-11T08:22:47+01:00 Login Fail: Incorrect Password for email umsi@umich.edu and hash value - da6523a488577c99148969e5841908ae 
2021-11-11T08:22:48+01:00 Login Fail: Login Incorrect as details not in database 
2021-11-11T08:24:09+01:00 Login Fail: Incorrect Password for email umsi@umich.edu and hash value - da6523a488577c99148969e5841908ae 
2021-11-11T08:24:10+01:00 Login Fail: Login Incorrect as details not in database 
2021-11-11T08:25:29+01:00 Login Fail: Incorrect Password for email umsi@umich.edu and hash value - da6523a488577c99148969e5841908ae 
2021-11-11T08:25:29+01:00 Login Fail: Login Incorrect as details not in database 
2021-11-11T08:28:34+01:00 Login Fail: Incorrect Password for email umsi@umich.edu and hash value - da6523a488577c99148969e5841908ae 
2021-11-11T08:28:34+01:00 Login Fail: Login Incorrect as details not in database 
2021-11-11T08:29:47+01:00 Login Fail: Incorrect Password for email umsi@umich.edu and hash value - da6523a488577c99148969e5841908ae 
2021-11-11T08:29:48+01:00 Login Fail: Login Incorrect as details not in database 
2021-11-11T08:31:19+01:00 Login Fail: Incorrect Password for email umsi@umich.edu and hash value - da6523a488577c99148969e5841908ae 
2021-11-11T08:33:27+01:00 Login Fail: Incorrect Password for email umsi@umich.edu and hash value - da6523a488577c99148969e5841908ae 
2021-11-11T08:36:31+01:00 Login Fail: Incorrect Password for email umsi@umich.edu and hash value - da6523a488577c99148969e5841908ae 
2021-11-11T08:40:40+01:00 Login Fail: Incorrect Password for email umsi@umich.edu and hash value - da6523a488577c99148969e5841908ae 
2021-11-11T08:44:12+01:00 Login Fail: Incorrect Password for email umsi@umich.edu and hash value - da6523a488577c99148969e5841908ae 
2021-11-11T08:48:04+01:00 Login Fail: Incorrect Password for email umsi@umich.edu and hash value - da6523a488577c99148969e5841908ae 
2021-11-11T09:04:20+01:00 Login Fail: Incorrect Password for email umsi@umich.edu and hash value - da6523a488577c99148969e5841908ae 
2021-11-11T09:05:33+01:00 Login Fail: Incorrect Password for email umsi@umich.edu and hash value - da6523a488577c99148969e5841908ae 
2021-11-11T09:08:09+01:00 Login Fail: Incorrect Password for email umsi@umich.edu and hash value - da6523a488577c99148969e5841908ae 
2021-11-11T09:12:33+01:00 Login Fail: Incorrect Password for email umsi@umich.edu and hash value - da6523a488577c99148969e5841908ae 
2021-11-11T09:13:28+01:00 Login Fail: Incorrect Password for email umsi@umich.edu and hash value - da6523a488577c99148969e5841908ae 
2021-11-11T09:15:13+01:00 Login Fail: Incorrect Password for email umsi@umich.edu and hash value - da6523a488577c99148969e5841908ae 
2021-11-11T09:20:33+01:00 Login Fail: Incorrect Password for email umsi@umich.edu and hash value - da6523a488577c99148969e5841908ae 
2021-11-11T09:21:23+01:00 Login Fail: Incorrect Password for email umsi@umich.edu and hash value - da6523a488577c99148969e5841908ae 
2021-11-11T09:23:11+01:00 Login Fail: Incorrect Password for email umsi@umich.edu and hash value - da6523a488577c99148969e5841908ae 
2021-11-11T09:25:09+01:00 Login Fail: Incorrect Password for email umsi@umich.edu and hash value - da6523a488577c99148969e5841908ae 
2021-11-11T09:28:37+01:00 Login Fail: Incorrect Password for email umsi@umich.edu and hash value - da6523a488577c99148969e5841908ae 
2021-11-11T09:30:58+01:00 Login Fail: Incorrect Password for email umsi@umich.edu and hash value - da6523a488577c99148969e5841908ae 
