2021-11-09T07:53:31+00:00 Unable to start Autos Page due to Username is not passed2021-11-09T07:54:27+00:00 Unable to start Autos Page due to Username is not passed 
2021-11-09T07:54:30+00:00 Unable to start Autos Page due to Username is not passed 
2021-11-09T07:58:26+00:00 Unable to start Autos Page due to Username is not passed 
2021-11-09T08:03:38+00:00 Unable to start Autos Page due to Name parameter missing 
2021-11-10T19:09:31+01:00 Unable to start Autos Page due to Name parameter missing 
2021-11-10T19:09:53+01:00 Unable to start Autos Page due to Name parameter missing 
2021-11-10T19:10:51+01:00 Unable to start Autos Page due to Name parameter missing 
2021-11-10T19:11:25+01:00 Unable to start Autos Page due to Name parameter missing 
2021-11-10T19:11:49+01:00 Unable to start Autos Page due to Name parameter missing 
2021-11-10T19:13:12+01:00 Unable to start Autos Page due to Name parameter missing 
2021-11-10T19:13:27+01:00 Unable to start Autos Page due to Name parameter missing 
2021-11-10T19:17:43+01:00 Unable to start Autos Page due to Name parameter missing 
2021-11-10T19:17:52+01:00 Unable to start Autos Page due to Name parameter missing 
2021-11-10T19:18:30+01:00 Error : All the fields must be filled 
2021-11-10T19:18:54+01:00 Unable to start Autos Page due to Name parameter missing 
2021-11-10T19:21:41+01:00 Unable to start Autos Page due to Name parameter missing 
2021-11-10T19:21:58+01:00 Unable to start Autos Page due to Name parameter missing 
2021-11-10T19:22:24+01:00 Error : All the fields must be filled 
2021-11-10T19:22:38+01:00 Error : All the fields must be filled 
2021-11-10T19:23:47+01:00 Error : All the fields must be filled 
2021-11-10T19:24:09+01:00 Error : All the fields must be filled 
2021-11-10T19:31:28+01:00 Unable to start Autos Page due to Name parameter missing 
2021-11-10T19:32:42+01:00 Error : All the fields must be filled 
2021-11-10T19:33:48+01:00 Unable to start Autos Page due to Name parameter missing 
2021-11-10T19:33:53+01:00 Unable to start Autos Page due to Name parameter missing 
2021-11-10T19:34:52+01:00 Unable to start Autos Page due to Name parameter missing 
2021-11-10T19:37:38+01:00 Unable to start Autos Page due to Name parameter missing 
2021-11-10T19:39:40+01:00 Unable to start Autos Page due to : Username not in database 
2021-11-10T19:39:57+01:00 Unable to start Autos Page due to : Username not in database 
2021-11-10T19:40:14+01:00 Unable to start Autos Page due to : Username not in database 
2021-11-10T19:56:51+01:00 Unable to start Autos Page due to : Username not in database 
2021-11-10T19:56:58+01:00 Unable to start Autos Page due to : Username not in database 
2021-11-10T20:02:26+01:00 Unable to start Autos Page due to : Username not in database 
2021-11-10T21:28:21+01:00 Unable to start Autos Page due to : Username not in database 
2021-11-10T21:28:26+01:00 Unable to start Autos Page due to : Username not in database 
2021-11-10T21:28:29+01:00 Unable to start Autos Page due to : Username not in database 
2021-11-10T21:52:22+01:00 Unable to start Autos Page due to Name parameter missing 
2021-11-10T21:53:07+01:00 Unable to start Autos Page due to Name parameter missing 
2021-11-10T21:58:15+01:00 Error : The make does not have any characters 
2021-11-11T08:31:19+01:00 Unable to start Autos Page due to : Username not in database 
2021-11-11T08:33:28+01:00 Unable to start Autos Page due to Name parameter missing 
2021-11-11T08:36:33+01:00 Error : The make does not have any characters 
2021-11-11T08:40:42+01:00 Error : Make is required 
2021-11-11T08:44:13+01:00 Error : Mileage and year must be numeric 
2021-11-11T08:44:14+01:00 Error : Make is required 
2021-11-11T08:44:14+01:00 Error : Mileage and year must be numeric 
2021-11-11T08:44:15+01:00 Error : Mileage and year must be numeric 
2021-11-11T08:44:16+01:00 Error : Mileage and year must be numeric 
2021-11-11T08:48:05+01:00 Error : Mileage and year must be numeric 
2021-11-11T08:48:06+01:00 Error : Make is required 
2021-11-11T08:48:06+01:00 Error : Mileage and year must be numeric 
2021-11-11T08:48:07+01:00 Error : Mileage and year must be numeric 
2021-11-11T08:48:08+01:00 Error : Mileage and year must be numeric 
2021-11-11T09:04:21+01:00 Error : Mileage and year must be numeric 
2021-11-11T09:04:22+01:00 Error : Make is required 
2021-11-11T09:04:22+01:00 Error : Mileage and year must be numeric 
2021-11-11T09:04:23+01:00 Error : Mileage and year must be numeric 
2021-11-11T09:04:24+01:00 Error : Mileage and year must be numeric 
2021-11-11T09:05:35+01:00 Error : Mileage and year must be numeric 
2021-11-11T09:05:35+01:00 Error : Make is required 
2021-11-11T09:05:36+01:00 Error : Mileage and year must be numeric 
2021-11-11T09:05:37+01:00 Error : Mileage and year must be numeric 
2021-11-11T09:05:37+01:00 Error : Mileage and year must be numeric 
2021-11-11T09:08:10+01:00 Error : Mileage and year must be numeric 
2021-11-11T09:08:11+01:00 Error : Make is required 
2021-11-11T09:08:12+01:00 Error : Mileage and year must be numeric 
2021-11-11T09:08:12+01:00 Error : Mileage and year must be numeric 
2021-11-11T09:08:13+01:00 Error : Mileage and year must be numeric 
2021-11-11T09:12:34+01:00 Error : Mileage and year must be numeric 
2021-11-11T09:12:35+01:00 Error : Make is required 
2021-11-11T09:12:36+01:00 Error : Mileage and year must be numeric 
2021-11-11T09:12:36+01:00 Error : Mileage and year must be numeric 
2021-11-11T09:12:37+01:00 Error : Mileage and year must be numeric 
2021-11-11T09:13:29+01:00 Error : Mileage and year must be numeric 
2021-11-11T09:13:30+01:00 Error : Make is required 
2021-11-11T09:13:31+01:00 Error : Mileage and year must be numeric 
2021-11-11T09:13:31+01:00 Error : Mileage and year must be numeric 
2021-11-11T09:13:32+01:00 Error : Mileage and year must be numeric 
2021-11-11T09:15:14+01:00 Error : Mileage and year must be numeric 
2021-11-11T09:15:15+01:00 Error : Make is required 
2021-11-11T09:15:16+01:00 Error : Mileage and year must be numeric 
2021-11-11T09:15:16+01:00 Error : Mileage and year must be numeric 
2021-11-11T09:15:17+01:00 Error : Mileage and year must be numeric 
2021-11-11T09:20:34+01:00 Error : Mileage and year must be numeric 
2021-11-11T09:20:34+01:00 Error : Make is required 
2021-11-11T09:20:35+01:00 Error : Mileage and year must be numeric 
2021-11-11T09:20:36+01:00 Error : Mileage and year must be numeric 
2021-11-11T09:20:36+01:00 Error : Mileage and year must be numeric 
2021-11-11T09:21:24+01:00 Error : Mileage and year must be numeric 
2021-11-11T09:21:25+01:00 Error : Make is required 
2021-11-11T09:21:26+01:00 Error : Mileage and year must be numeric 
2021-11-11T09:21:26+01:00 Error : Mileage and year must be numeric 
2021-11-11T09:21:27+01:00 Error : Mileage and year must be numeric 
2021-11-11T09:23:12+01:00 Error : Mileage and year must be numeric 
2021-11-11T09:23:12+01:00 Error : Make is required 
2021-11-11T09:23:13+01:00 Error : Mileage and year must be numeric 
2021-11-11T09:23:14+01:00 Error : Mileage and year must be numeric 
2021-11-11T09:23:14+01:00 Error : Mileage and year must be numeric 
2021-11-11T09:25:10+01:00 Error : Mileage and year must be numeric 
2021-11-11T09:25:11+01:00 Error : Make is required 
2021-11-11T09:25:12+01:00 Error : Mileage and year must be numeric 
2021-11-11T09:25:13+01:00 Error : Mileage and year must be numeric 
2021-11-11T09:25:13+01:00 Error : Mileage and year must be numeric 
2021-11-11T09:27:02+01:00 Error : Mileage and year must be numeric 
2021-11-11T09:28:38+01:00 Error : Make is required 
2021-11-11T09:31:00+01:00 Error : Make is required 
2021-11-11T09:31:01+01:00 Error : Mileage and year must be numeric 
